Using pre-set license
Built from '2021.3/staging' branch; Version is '2021.3.23f1 (213b516bf396) revision 2177873'; Using compiler version '192829333'; Build Type 'Release'
OS: 'Windows 10  (10.0.19045) 64bit Professional' Language: 'tr' Physical Memory: 16163 MB
BatchMode: 1, IsHumanControllingUs: 0, StartBugReporterOnCrash: 0, Is64bit: 1, IsPro: 1

COMMAND LINE ARGUMENTS:
C:\Program Files\Unity\Hub\Editor\2021.3.23f1\Editor\Unity.exe
-adb2
-batchMode
-noUpm
-name
AssetImportWorker4
-projectPath
C:/Users/YarenBildircin/Desktop/oyun
-logFile
Logs/AssetImportWorker4.log
-srvPort
50056
Successfully changed project path to: C:/Users/YarenBildircin/Desktop/oyun
C:/Users/YarenBildircin/Desktop/oyun
[UnityMemory] Configuration Parameters - Can be set up in boot.config
    "memorysetup-bucket-allocator-granularity=16"
    "memorysetup-bucket-allocator-bucket-count=8"
    "memorysetup-bucket-allocator-block-size=33554432"
    "memorysetup-bucket-allocator-block-count=8"
    "memorysetup-main-allocator-block-size=16777216"
    "memorysetup-thread-allocator-block-size=16777216"
    "memorysetup-gfx-main-allocator-block-size=16777216"
    "memorysetup-gfx-thread-allocator-block-size=16777216"
    "memorysetup-cache-allocator-block-size=4194304"
    "memorysetup-typetree-allocator-block-size=2097152"
    "memorysetup-profiler-bucket-allocator-granularity=16"
    "memorysetup-profiler-bucket-allocator-bucket-count=8"
    "memorysetup-profiler-bucket-allocator-block-size=33554432"
    "memorysetup-profiler-bucket-allocator-block-count=8"
    "memorysetup-profiler-allocator-block-size=16777216"
    "memorysetup-profiler-editor-allocator-block-size=1048576"
    "memorysetup-temp-allocator-size-main=16777216"
    "memorysetup-job-temp-allocator-block-size=2097152"
    "memorysetup-job-temp-allocator-block-size-background=1048576"
    "memorysetup-job-temp-allocator-reduction-small-platforms=262144"
    "memorysetup-temp-allocator-size-background-worker=32768"
    "memorysetup-temp-allocator-size-job-worker=262144"
    "memorysetup-temp-allocator-size-preload-manager=33554432"
    "memorysetup-temp-allocator-size-nav-mesh-worker=65536"
    "memorysetup-temp-allocator-size-audio-worker=65536"
    "memorysetup-temp-allocator-size-cloud-worker=32768"
    "memorysetup-temp-allocator-size-gi-baking-worker=262144"
    "memorysetup-temp-allocator-size-gfx=262144"
Player connection [26348] Host "[IP] 192.168.1.7 [Port] 0 [Flags] 2 [Guid] 3678615135 [EditorId] 3678615135 [Version] 1048832 [Id] WindowsEditor(7,DESKTOP-DHVN1DC) [Debug] 1 [PackageName] WindowsEditor [ProjectName] Editor" joined multi-casting on [225.0.0.222:54997]...

Player connection [26348] Host "[IP] 192.168.1.7 [Port] 0 [Flags] 2 [Guid] 3678615135 [EditorId] 3678615135 [Version] 1048832 [Id] WindowsEditor(7,DESKTOP-DHVN1DC) [Debug] 1 [PackageName] WindowsEditor [ProjectName] Editor" joined alternative multi-casting on [225.0.0.222:34997]...

Refreshing native plugins compatible for Editor in 83.49 ms, found 3 plugins.
Preloading 0 native plugins for Editor in 0.00 ms.
Initialize engine version: 2021.3.23f1 (213b516bf396)
[Subsystems] Discovering subsystems at path C:/Program Files/Unity/Hub/Editor/2021.3.23f1/Editor/Data/Resources/UnitySubsystems
[Subsystems] Discovering subsystems at path C:/Users/YarenBildircin/Desktop/oyun/Assets
GfxDevice: creating device client; threaded=0; jobified=0
Direct3D:
    Version:  Direct3D 11.0 [level 11.1]
    Renderer: NVIDIA GeForce RTX 3050 Ti Laptop GPU (ID=0x25a0)
    Vendor:   NVIDIA
    VRAM:     3990 MB
    Driver:   27.21.14.6275
Initialize mono
Mono path[0] = 'C:/Program Files/Unity/Hub/Editor/2021.3.23f1/Editor/Data/Managed'
Mono path[1] = 'C:/Program Files/Unity/Hub/Editor/2021.3.23f1/Editor/Data/MonoBleedingEdge/lib/mono/unityjit-win32'
Mono config path = 'C:/Program Files/Unity/Hub/Editor/2021.3.23f1/Editor/Data/MonoBleedingEdge/etc'
Using monoOptions --debugger-agent=transport=dt_socket,embedding=1,server=y,suspend=n,address=127.0.0.1:56596
Begin MonoManager ReloadAssembly
Registering precompiled unity dll's ...
Register platform support module: C:/Program Files/Unity/Hub/Editor/2021.3.23f1/Editor/Data/PlaybackEngines/AndroidPlayer/UnityEditor.Android.Extensions.dll
Register platform support module: C:/Program Files/Unity/Hub/Editor/2021.3.23f1/Editor/Data/PlaybackEngines/WindowsStandaloneSupport/UnityEditor.WindowsStandalone.Extensions.dll
Register platform support module: C:/Program Files/Unity/Hub/Editor/2021.3.23f1/Editor/Data/PlaybackEngines/MetroSupport/UnityEditor.UWP.Extensions.dll
Registered in 0.009296 seconds.
Native extension for UWP target not found
Native extension for WindowsStandalone target not found
Native extension for Android target not found
Android Extension - Scanning For ADB Devices 554 ms
Refreshing native plugins compatible for Editor in 90.65 ms, found 3 plugins.
Preloading 0 native plugins for Editor in 0.00 ms.
Mono: successfully reloaded assembly
- Completed reload, in  1.406 seconds
Domain Reload Profiling:
	ReloadAssembly (1407ms)
		BeginReloadAssembly (133ms)
			ExecutionOrderSort (0ms)
			DisableScriptedObjects (0ms)
			BackupInstance (0ms)
			ReleaseScriptingObjects (0ms)
			CreateAndSetChildDomain (1ms)
		EndReloadAssembly (1143ms)
			LoadAssemblies (129ms)
			RebuildTransferFunctionScriptingTraits (0ms)
			SetupTypeCache (139ms)
			ReleaseScriptCaches (0ms)
			RebuildScriptCaches (41ms)
			SetupLoadedEditorAssemblies (894ms)
				LogAssemblyErrors (0ms)
				InitializePlatformSupportModulesInManaged (646ms)
				SetLoadedEditorAssemblies (0ms)
				RefreshPlugins (91ms)
				BeforeProcessingInitializeOnLoad (2ms)
				ProcessInitializeOnLoadAttributes (105ms)
				ProcessInitializeOnLoadMethodAttributes (50ms)
				AfterProcessingInitializeOnLoad (0ms)
				EditorAssembliesLoaded (0ms)
			ExecutionOrderSort2 (0ms)
			AwakeInstancesAfterBackupRestoration (0ms)
Platform modules already initialized, skipping
Registering precompiled user dll's ...
Registered in 0.007482 seconds.
Begin MonoManager ReloadAssembly
Symbol file LoadedFromMemory doesn't match image C:\Users\YarenBildircin\Desktop\oyun\Library\PackageCache\com.unity.visualscripting@1.8.0\Editor\VisualScripting.Core\Dependencies\YamlDotNet\Unity.VisualScripting.YamlDotNet.dll
Symbol file LoadedFromMemory doesn't match image C:\Users\YarenBildircin\Desktop\oyun\Library\PackageCache\com.unity.visualscripting@1.8.0\Editor\VisualScripting.Core\Dependencies\DotNetZip\Unity.VisualScripting.IonicZip.dll
Native extension for UWP target not found
Native extension for WindowsStandalone target not found
Native extension for Android target not found
Refreshing native plugins compatible for Editor in 0.53 ms, found 3 plugins.
Preloading 0 native plugins for Editor in 0.00 ms.
Mono: successfully reloaded assembly
- Completed reload, in  0.999 seconds
Domain Reload Profiling:
	ReloadAssembly (1000ms)
		BeginReloadAssembly (113ms)
			ExecutionOrderSort (0ms)
			DisableScriptedObjects (5ms)
			BackupInstance (0ms)
			ReleaseScriptingObjects (0ms)
			CreateAndSetChildDomain (19ms)
		EndReloadAssembly (772ms)
			LoadAssemblies (91ms)
			RebuildTransferFunctionScriptingTraits (0ms)
			SetupTypeCache (285ms)
			ReleaseScriptCaches (1ms)
			RebuildScriptCaches (47ms)
			SetupLoadedEditorAssemblies (315ms)
				LogAssemblyErrors (0ms)
				InitializePlatformSupportModulesInManaged (17ms)
				SetLoadedEditorAssemblies (0ms)
				RefreshPlugins (1ms)
				BeforeProcessingInitializeOnLoad (75ms)
				ProcessInitializeOnLoadAttributes (191ms)
				ProcessInitializeOnLoadMethodAttributes (22ms)
				AfterProcessingInitializeOnLoad (9ms)
				EditorAssembliesLoaded (0ms)
			ExecutionOrderSort2 (0ms)
			AwakeInstancesAfterBackupRestoration (5ms)
Platform modules already initialized, skipping
========================================================================
Worker process is ready to serve import requests
Launched and connected shader compiler UnityShaderCompiler.exe after 0.03 seconds
Refreshing native plugins compatible for Editor in 0.77 ms, found 3 plugins.
Preloading 0 native plugins for Editor in 0.00 ms.
Unloading 3167 Unused Serialized files (Serialized files now loaded: 0)
Unloading 22 unused Assets / (56.7 KB). Loaded Objects now: 3647.
Memory consumption went from 124.6 MB to 124.6 MB.
Total: 2.432400 ms (FindLiveObjects: 0.226000 ms CreateObjectMapping: 0.075900 ms MarkObjects: 2.054700 ms  DeleteObjects: 0.075000 ms)

AssetImportParameters requested are different than current active one (requested -> active):
  custom:video-decoder-ogg-theora: a1e56fd34408186e4bbccfd4996cb3dc -> 
  custom:container-muxer-webm: aa71ff27fc2769a1b78a27578f13a17b -> 
  custom:container-demuxer-webm: 4f35f7cbe854078d1ac9338744f61a02 -> 
  custom:video-encoder-webm-vp8: eb34c28f22e8b96e1ab97ce403110664 -> 
  custom:audio-encoder-webm-vorbis: bf7c407c2cedff20999df2af8eb42d56 -> 
  custom:framework-win-MediaFoundation: 216162199b28c13a410421893ffa2e32 -> 
  custom:container-demuxer-ogg: 62fdf1f143b41e24485cea50d1cbac27 -> 
  custom:video-decoder-webm-vp8: 9c59270c3fd7afecdb556c50c9e8de78 -> 
  custom:audio-decoder-ogg-vorbis: bf7c407c2cedff20999df2af8eb42d56 -> 
========================================================================
Received Import Request.
  Time since last request: 1727316.130445 seconds.
  path: Assets/2d_sekiller/kare.unity
  artifactKey: Guid(e469b5730f43edf4cb4f7bfc22362514) Importer(815301076,1909f56bfc062723c751e8b465ee728b)
Start importing Assets/2d_sekiller/kare.unity using Guid(e469b5730f43edf4cb4f7bfc22362514) Importer(815301076,1909f56bfc062723c751e8b465ee728b)  -> (artifact id: 'ba9f9a684dfd01bc48337684ff33cb2d') in 0.009033 seconds 
========================================================================
Received Import Request.
  Time since last request: 1.448813 seconds.
  path: Assets/2d_sekiller/kare_sahnesi.cs
  artifactKey: Guid(1cc627d789ec3b5449c676f493eade63) Importer(815301076,1909f56bfc062723c751e8b465ee728b)
Start importing Assets/2d_sekiller/kare_sahnesi.cs using Guid(1cc627d789ec3b5449c676f493eade63) Importer(815301076,1909f56bfc062723c751e8b465ee728b)  -> (artifact id: '72c93e39528bbc567888f411e9758e15') in 0.015258 seconds 
========================================================================
Received Import Request.
  Time since last request: 92.998606 seconds.
  path: Assets/2d_sekiller/paralelkenar.unity
  artifactKey: Guid(7b8be497f8f09284eb63c91ef6086a81) Importer(815301076,1909f56bfc062723c751e8b465ee728b)
Start importing Assets/2d_sekiller/paralelkenar.unity using Guid(7b8be497f8f09284eb63c91ef6086a81) Importer(815301076,1909f56bfc062723c751e8b465ee728b)  -> (artifact id: 'efa8f33bd6d3c4340153e64457b5c556') in 0.001689 seconds 
========================================================================
Received Import Request.
  Time since last request: 8.005726 seconds.
  path: Assets/2d_sekiller/ucgen.unity
  artifactKey: Guid(dd53d2197ab1a1f42820564c60ab8b49) Importer(815301076,1909f56bfc062723c751e8b465ee728b)
Start importing Assets/2d_sekiller/ucgen.unity using Guid(dd53d2197ab1a1f42820564c60ab8b49) Importer(815301076,1909f56bfc062723c751e8b465ee728b)  -> (artifact id: '302fc261647fa4df7568c5bcbc9dc47e') in 0.001811 seconds 
========================================================================
Received Import Request.
  Time since last request: 55.691917 seconds.
  path: Packages/com.unity.collab-proxy/Editor/PlasticSCM/Assets/Images/secondarytabclosehover.png
  artifactKey: Guid(8fac55fff4ce5fa40a7b2efefc0e617a) Importer(815301076,1909f56bfc062723c751e8b465ee728b)
Start importing Packages/com.unity.collab-proxy/Editor/PlasticSCM/Assets/Images/secondarytabclosehover.png using Guid(8fac55fff4ce5fa40a7b2efefc0e617a) Importer(815301076,1909f56bfc062723c751e8b465ee728b)  -> (artifact id: 'ad654bb13f76a88f5f42d569b11bf550') in 0.127712 seconds 
========================================================================
Received Import Request.
  Time since last request: 0.543064 seconds.
  path: Packages/com.unity.collab-proxy/Editor/PlasticSCM/Assets/Images/iconclosebutton.png
  artifactKey: Guid(13527793884104b46b7446fd7464c3ed) Importer(815301076,1909f56bfc062723c751e8b465ee728b)
Start importing Packages/com.unity.collab-proxy/Editor/PlasticSCM/Assets/Images/iconclosebutton.png using Guid(13527793884104b46b7446fd7464c3ed) Importer(815301076,1909f56bfc062723c751e8b465ee728b)  -> (artifact id: '80ca1a5b1064dcdde21540aa16794e08') in 0.010053 seconds 
========================================================================
Received Import Request.
  Time since last request: 0.000028 seconds.
  path: Packages/com.unity.collab-proxy/Editor/PlasticSCM/Assets/Images/iconconflicted.png
  artifactKey: Guid(d1c88f142eee55b4eb2b2cfd7b3624ce) Importer(815301076,1909f56bfc062723c751e8b465ee728b)
Start importing Packages/com.unity.collab-proxy/Editor/PlasticSCM/Assets/Images/iconconflicted.png using Guid(d1c88f142eee55b4eb2b2cfd7b3624ce) Importer(815301076,1909f56bfc062723c751e8b465ee728b)  -> (artifact id: '0b51fae11ed26977b7b22a73abb653b5') in 0.012350 seconds 
========================================================================
Received Import Request.
  Time since last request: 184.634387 seconds.
  path: Assets/3d_sekiller/3kup/kup.unity
  artifactKey: Guid(00e8f8b519e83dd4f82ff76202d49fec) Importer(815301076,1909f56bfc062723c751e8b465ee728b)
Start importing Assets/3d_sekiller/3kup/kup.unity using Guid(00e8f8b519e83dd4f82ff76202d49fec) Importer(815301076,1909f56bfc062723c751e8b465ee728b)  -> (artifact id: 'c870ca187c018f97dcd6d4133a6ab043') in 0.011973 seconds 
========================================================================
Received Import Request.
  Time since last request: 47.152489 seconds.
  path: Assets/3d_sekiller/3kup/kup_sahnesi.cs
  artifactKey: Guid(c54e21ea109ee48498aff2357642a449) Importer(815301076,1909f56bfc062723c751e8b465ee728b)
Start importing Assets/3d_sekiller/3kup/kup_sahnesi.cs using Guid(c54e21ea109ee48498aff2357642a449) Importer(815301076,1909f56bfc062723c751e8b465ee728b)  -> (artifact id: 'c654d35ea8181b45bb62f0f7cfe84c2a') in 0.002509 seconds 
========================================================================
Received Import Request.
  Time since last request: 4.184330 seconds.
  path: Assets/3d_sekiller/3kup/kup.unity
  artifactKey: Guid(00e8f8b519e83dd4f82ff76202d49fec) Importer(815301076,1909f56bfc062723c751e8b465ee728b)
Start importing Assets/3d_sekiller/3kup/kup.unity using Guid(00e8f8b519e83dd4f82ff76202d49fec) Importer(815301076,1909f56bfc062723c751e8b465ee728b)  -> (artifact id: '63113a70045eda0012c9a7b2aa402ddd') in 0.001478 seconds 
========================================================================
Received Import Request.
  Time since last request: 239.851640 seconds.
  path: Assets/3d_sekiller/3kure/kure.unity
  artifactKey: Guid(d91d6ad8c254253439bd26e121203492) Importer(815301076,1909f56bfc062723c751e8b465ee728b)
Start importing Assets/3d_sekiller/3kure/kure.unity using Guid(d91d6ad8c254253439bd26e121203492) Importer(815301076,1909f56bfc062723c751e8b465ee728b)  -> (artifact id: '611ca71245e0d58b9359074d3d6bed0f') in 0.011815 seconds 
========================================================================
Received Import Request.
  Time since last request: 184.494443 seconds.
  path: Assets/3d_sekiller/3silindir/silindir.unity
  artifactKey: Guid(252acb381f20fb14dbeccbd3516e306a) Importer(815301076,1909f56bfc062723c751e8b465ee728b)
Start importing Assets/3d_sekiller/3silindir/silindir.unity using Guid(252acb381f20fb14dbeccbd3516e306a) Importer(815301076,1909f56bfc062723c751e8b465ee728b)  -> (artifact id: 'a1982b95d559a8c77982cf9af6d5773e') in 0.002001 seconds 
========================================================================
Received Import Request.
  Time since last request: 151.518578 seconds.
  path: Assets/3d_sekiller/3kup/kup.unity
  artifactKey: Guid(00e8f8b519e83dd4f82ff76202d49fec) Importer(815301076,1909f56bfc062723c751e8b465ee728b)
Start importing Assets/3d_sekiller/3kup/kup.unity using Guid(00e8f8b519e83dd4f82ff76202d49fec) Importer(815301076,1909f56bfc062723c751e8b465ee728b)  -> (artifact id: '308d5211262eb414639282657a052e77') in 0.001739 seconds 
========================================================================
Received Import Request.
  Time since last request: 3.126163 seconds.
  path: Assets/3d_sekiller/3kure/kure.unity
  artifactKey: Guid(d91d6ad8c254253439bd26e121203492) Importer(815301076,1909f56bfc062723c751e8b465ee728b)
Start importing Assets/3d_sekiller/3kure/kure.unity using Guid(d91d6ad8c254253439bd26e121203492) Importer(815301076,1909f56bfc062723c751e8b465ee728b)  -> (artifact id: '0034cbad21af9189701c6af03f196498') in 0.001492 seconds 
========================================================================
Received Import Request.
  Time since last request: 3040.963781 seconds.
  path: Assets/2d_sekiller/daire.unity
  artifactKey: Guid(94054b19b5f62ab47831805e3f4b51da) Importer(815301076,1909f56bfc062723c751e8b465ee728b)
Start importing Assets/2d_sekiller/daire.unity using Guid(94054b19b5f62ab47831805e3f4b51da) Importer(815301076,1909f56bfc062723c751e8b465ee728b)  -> (artifact id: '3c7b582ae8f6fa454b89ee7e989d7256') in 0.002862 seconds 
